<?xml version="1.0" encoding="UTF-8"?>
<testsuite xmlns:xsi="http://www.w3.org/2001/XMLSchema-instance" xsi:noNamespaceSchemaLocation="https://maven.apache.org/surefire/maven-surefire-plugin/xsd/surefire-test-report-3.0.xsd" version="3.0" name="com.librotech.LibroTechApplicationTests" time="1.059" tests="1" errors="0" skipped="0" failures="0">
  <properties>
[...]
</properties>
  <testcase name="contextLoads" classname="com.librotech.LibroTechApplicationTests" time="0.004">
    <system-out><![CDATA[2026-05-20T13:44:37.673-05:00  INFO 57409 --- [librotech] [           main] t.c.s.AnnotationConfigContextLoaderUtils : Could not detect default configuration classes for test class [com.librotech.LibroTechApplicationTests]: LibroTechApplicationTests does not declare any static, non-private, non-final, nested classes annotated with @Configuration.
2026-05-20T13:44:37.678-05:00  INFO 57409 --- [librotech] [           main] .b.t.c.SpringBootTestContextBootstrapper : Found @SpringBootConfiguration com.librotech.LibroTechApplication for test class com.librotech.LibroTechApplicationTests

  .   ____          _            __ _ _
 /\\ / ___'_ __ _ _(_)_ __  __ _ \ \ \ \
( ( )\___ | '_ | '_| | '_ \/ _` | \ \ \ \
 \\/  ___)| |_)| | | | | || (_| |  ) ) ) )
  '  |____| .__|_| |_|_| |_\__, | / / / /
 =========|_|==============|___/=/_/_/_/

 :: Spring Boot ::                (v3.3.5)

2026-05-20T13:44:37.703-05:00  INFO 57409 --- [librotech] [           main] c.librotech.LibroTechApplicationTests    : Starting LibroTechApplicationTests using Java 25.0.2 with PID 57409 (started by cohorte6 in /home/cohorte6/chattech-app)
2026-05-20T13:44:37.704-05:00  INFO 57409 --- [librotech] [           main] c.librotech.LibroTechApplicationTests    : No active profile set, falling back to 1 default profile: "default"
2026-05-20T13:44:37.950-05:00  INFO 57409 --- [librotech] [           main] .s.d.r.c.RepositoryConfigurationDelegate : Bootstrapping Spring Data JPA repositories in DEFAULT mode.
2026-05-20T13:44:37.955-05:00  INFO 57409 --- [librotech] [           main] .s.d.r.c.RepositoryConfigurationDelegate : Finished Spring Data repository scanning in 4 ms. Found 2 JPA repository interfaces.
2026-05-20T13:44:38.061-05:00  INFO 57409 --- [librotech] [           main] o.hibernate.jpa.internal.util.LogHelper  : HHH000204: Processing PersistenceUnitInfo [name: default]
2026-05-20T13:44:38.062-05:00  INFO 57409 --- [librotech] [           main] o.h.c.internal.RegionFactoryInitiator    : HHH000026: Second-level cache disabled
2026-05-20T13:44:38.066-05:00  INFO 57409 --- [librotech] [           main] o.s.o.j.p.SpringPersistenceUnitInfo      : No LoadTimeWeaver setup: ignoring JPA class transformer
2026-05-20T13:44:38.067-05:00  INFO 57409 --- [librotech] [           main] com.zaxxer.hikari.HikariDataSource       : HikariPool-1 - Starting...
2026-05-20T13:44:38.087-05:00  INFO 57409 --- [librotech] [           main] com.zaxxer.hikari.pool.HikariPool        : HikariPool-1 - Added connection conn9: url=jdbc:h2:file:./data/librotech_db user=SA
2026-05-20T13:44:38.088-05:00  INFO 57409 --- [librotech] [           main] com.zaxxer.hikari.HikariDataSource       : HikariPool-1 - Start completed.
2026-05-20T13:44:38.091-05:00  WARN 57409 --- [librotech] [           main] org.hibernate.orm.deprecation            : HHH90000025: H2Dialect does not need to be specified explicitly using 'hibernate.dialect' (remove the property setting and it will be selected by default)
2026-05-20T13:44:38.126-05:00  INFO 57409 --- [librotech] [           main] o.h.e.t.j.p.i.JtaPlatformInitiator       : HHH000489: No JTA platform available (set 'hibernate.transaction.jta.platform' to enable JTA platform integration)
Hibernate: create table categorias (id bigint generated by default as identity, nombre varchar(80) not null, primary key (id))
Hibernate: create table libros (id bigint generated by default as identity, anio_publicacion integer not null, autor varchar(100) not null, isbn varchar(20), titulo varchar(150) not null, primary key (id))
Hibernate: alter table if exists categorias drop constraint if exists UKqcog8b7hps1hioi9onqwjdt6y
Hibernate: alter table if exists categorias add constraint UKqcog8b7hps1hioi9onqwjdt6y unique (nombre)
Hibernate: alter table if exists libros drop constraint if exists UK278ekmuxh4b6i98mqypvacdcu
Hibernate: alter table if exists libros add constraint UK278ekmuxh4b6i98mqypvacdcu unique (isbn)
2026-05-20T13:44:38.136-05:00  INFO 57409 --- [librotech] [           main] j.LocalContainerEntityManagerFactoryBean : Initialized JPA EntityManagerFactory for persistence unit 'default'
2026-05-20T13:44:38.309-05:00  WARN 57409 --- [librotech] [           main] JpaBaseConfiguration$JpaWebConfiguration : spring.jpa.open-in-view is enabled by default. Therefore, database queries may be performed during view rendering. Explicitly configure spring.jpa.open-in-view to disable this warning
2026-05-20T13:44:38.556-05:00  INFO 57409 --- [librotech] [           main] o.s.b.a.h2.H2ConsoleAutoConfiguration    : H2 console available at '/h2-console'. Database available at 'jdbc:h2:file:./data/librotech_db'
2026-05-20T13:44:38.578-05:00  INFO 57409 --- [librotech] [           main] c.librotech.LibroTechApplicationTests    : Started LibroTechApplicationTests in 0.891 seconds (process running for 3.862)
Hibernate: select count(*) from libros l1_0
Hibernate: insert into libros (anio_publicacion,autor,isbn,titulo,id) values (?,?,?,?,default)
Hibernate: insert into libros (anio_publicacion,autor,isbn,titulo,id) values (?,?,?,?,default)
Hibernate: insert into libros (anio_publicacion,autor,isbn,titulo,id) values (?,?,?,?,default)
Hibernate: insert into libros (anio_publicacion,autor,isbn,titulo,id) values (?,?,?,?,default)
Hibernate: insert into libros (anio_publicacion,autor,isbn,titulo,id) values (?,?,?,?,default)
Hibernate: insert into libros (anio_publicacion,autor,isbn,titulo,id) values (?,?,?,?,default)
Hibernate: insert into libros (anio_publicacion,autor,isbn,titulo,id) values (?,?,?,?,default)
Hibernate: insert into libros (anio_publicacion,autor,isbn,titulo,id) values (?,?,?,?,default)
Hibernate: insert into libros (anio_publicacion,autor,isbn,titulo,id) values (?,?,?,?,default)
Hibernate: insert into libros (anio_publicacion,autor,isbn,titulo,id) values (?,?,?,?,default)
Hibernate: insert into libros (anio_publicacion,autor,isbn,titulo,id) values (?,?,?,?,default)
Hibernate: insert into libros (anio_publicacion,autor,isbn,titulo,id) values (?,?,?,?,default)
Hibernate: insert into libros (anio_publicacion,autor,isbn,titulo,id) values (?,?,?,?,default)
Hibernate: insert into libros (anio_publicacion,autor,isbn,titulo,id) values (?,?,?,?,default)
Hibernate: insert into libros (anio_publicacion,autor,isbn,titulo,id) values (?,?,?,?,default)
Hibernate: insert into libros (anio_publicacion,autor,isbn,titulo,id) values (?,?,?,?,default)
Hibernate: insert into libros (anio_publicacion,autor,isbn,titulo,id) values (?,?,?,?,default)
Hibernate: insert into libros (anio_publicacion,autor,isbn,titulo,id) values (?,?,?,?,default)
Hibernate: insert into libros (anio_publicacion,autor,isbn,titulo,id) values (?,?,?,?,default)
Hibernate: insert into libros (anio_publicacion,autor,isbn,titulo,id) values (?,?,?,?,default)
Hibernate: insert into libros (anio_publicacion,autor,isbn,titulo,id) values (?,?,?,?,default)
Hibernate: insert into libros (anio_publicacion,autor,isbn,titulo,id) values (?,?,?,?,default)
Hibernate: insert into libros (anio_publicacion,autor,isbn,titulo,id) values (?,?,?,?,default)
Hibernate: insert into libros (anio_publicacion,autor,isbn,titulo,id) values (?,?,?,?,default)
Hibernate: insert into libros (anio_publicacion,autor,isbn,titulo,id) values (?,?,?,?,default)
Hibernate: insert into libros (anio_publicacion,autor,isbn,titulo,id) values (?,?,?,?,default)
Hibernate: insert into libros (anio_publicacion,autor,isbn,titulo,id) values (?,?,?,?,default)
Hibernate: insert into libros (anio_publicacion,autor,isbn,titulo,id) values (?,?,?,?,default)
Hibernate: insert into libros (anio_publicacion,autor,isbn,titulo,id) values (?,?,?,?,default)
Hibernate: insert into libros (anio_publicacion,autor,isbn,titulo,id) values (?,?,?,?,default)
Hibernate: insert into libros (anio_publicacion,autor,isbn,titulo,id) values (?,?,?,?,default)
Hibernate: insert into libros (anio_publicacion,autor,isbn,titulo,id) values (?,?,?,?,default)
Hibernate: insert into libros (anio_publicacion,autor,isbn,titulo,id) values (?,?,?,?,default)
Hibernate: insert into libros (anio_publicacion,autor,isbn,titulo,id) values (?,?,?,?,default)
Hibernate: insert into libros (anio_publicacion,autor,isbn,titulo,id) values (?,?,?,?,default)
Hibernate: insert into libros (anio_publicacion,autor,isbn,titulo,id) values (?,?,?,?,default)
Hibernate: insert into libros (anio_publicacion,autor,isbn,titulo,id) values (?,?,?,?,default)
Hibernate: insert into libros (anio_publicacion,autor,isbn,titulo,id) values (?,?,?,?,default)
Hibernate: insert into libros (anio_publicacion,autor,isbn,titulo,id) values (?,?,?,?,default)
Hibernate: insert into libros (anio_publicacion,autor,isbn,titulo,id) values (?,?,?,?,default)
Hibernate: insert into libros (anio_publicacion,autor,isbn,titulo,id) values (?,?,?,?,default)
Hibernate: insert into libros (anio_publicacion,autor,isbn,titulo,id) values (?,?,?,?,default)
Hibernate: insert into libros (anio_publicacion,autor,isbn,titulo,id) values (?,?,?,?,default)
Hibernate: insert into libros (anio_publicacion,autor,isbn,titulo,id) values (?,?,?,?,default)
Hibernate: insert into libros (anio_publicacion,autor,isbn,titulo,id) values (?,?,?,?,default)
Hibernate: insert into libros (anio_publicacion,autor,isbn,titulo,id) values (?,?,?,?,default)
Hibernate: insert into libros (anio_publicacion,autor,isbn,titulo,id) values (?,?,?,?,default)
Hibernate: insert into libros (anio_publicacion,autor,isbn,titulo,id) values (?,?,?,?,default)
Hibernate: insert into libros (anio_publicacion,autor,isbn,titulo,id) values (?,?,?,?,default)
Hibernate: insert into libros (anio_publicacion,autor,isbn,titulo,id) values (?,?,?,?,default)
Datos de prueba insertados.
]]></system-out>
  </testcase>
</testsuite>